CON1.OUT
CONSENSUS MODEL WITH HETEROGENEOUS INTERCEPTS

USA (GREENSPAN)

1) ESTIMATES OF NONLINEAR MODEL
Coefficients: 
         4.35472         0.358587         0.759356         -4.55407          1.85278 

Standard errors
        0.574549         0.529471         0.162005         0.685402         0.144987 

T statistics
         7.57936         0.677256          4.68724         -6.64438          12.7790 

Log Likelihood function        -218.651 

AIC         447.303 

SIC         462.616 

RMSE        0.745194 
MAE         0.546516 


2) ESTIMATES OF LINEAR MODEL
Valid cases:                   158      Dependent variable:                   Y
Missing cases:                   0      Deletion method:                   None
Total SS:                  725.781      Degrees of freedom:                 155
R-squared:                   0.485      Rbar-squared:                     0.479
Residual SS:               373.580      Std error of est:                 1.552
F(2,155):                   73.065      Probability of F:                 0.000

                         Standard                 Prob   Standardized  Cor with
Variable     Estimate      Error      t-value     >|t|     Estimate    Dep Var
-------------------------------------------------------------------------------
CONSTANT     1.775031    0.396208    4.480050     0.000       ---         ---  
X1           0.985324    0.125958    7.822618     0.000    0.487987    0.619802
X2          -2.793913    0.506319   -5.518084     0.000   -0.344227   -0.531092

RMSE        1.537670 
MAE         1.291426 
R2          0.485272 


3) ESTIMATES OF LINEAR MODEL WITH AD HOC SMOOTHING
Valid cases:                   158      Dependent variable:                   Y
Missing cases:                   0      Deletion method:                   None
Total SS:                  725.781      Degrees of freedom:                 154
R-squared:                   0.986      Rbar-squared:                     0.986
Residual SS:                10.045      Std error of est:                 0.255
F(3,154):                 3657.467      Probability of F:                 0.000

                         Standard                 Prob   Standardized  Cor with
Variable     Estimate      Error      t-value     >|t|     Estimate    Dep Var
-------------------------------------------------------------------------------
CONSTANT     0.179256    0.068597    2.613184     0.010       ---         ---  
X1           0.968560    0.012974   74.653027     0.000    0.972688    0.992167
X2          -0.015522    0.024681   -0.628927     0.530   -0.007687    0.619802
X3          -0.395121    0.089279   -4.425696     0.000   -0.048681   -0.531092

RMSE        0.252149 
MAE         0.178843 
R2          0.986159 
