HAWK1.OUT
AGENDA-SETTING MODEL WITH HETEROGENEOUS INTERCEPTS AND HAWKISH CHAIRMAN

CANADA

1) ESTIMATES OF NONLINEAR MODEL
   Coefficients: 
         3.16192          1.31354         0.381038        -0.112441         0.941514 
        0.386420          1.00000         0.114888     2.22045e-016 
        0.338718          1.00000         0.180750     2.22045e-016 
        0.339770          1.00000         0.179513     2.22045e-016 
        0.398862          1.00000        0.0720007     2.22045e-016 
        0.290687          1.00000         0.233570     2.22045e-016 
        0.398035          1.00000        0.0843382     2.22045e-016 
        0.395009          1.00000        0.0957123     2.22045e-016 
        0.398941          1.00000        0.0743138     2.22045e-016 
        0.344578          1.00000         0.173794     2.22045e-016 
        0.240129          1.00000         0.284376     2.22045e-016 
        0.204345          1.00000         0.317944     2.22045e-016 
        0.110622          1.00000         0.388640     2.22045e-016 
       0.0833408          1.00000         0.398207     2.22045e-016 
       0.0752896          1.00000         0.398939     2.22045e-016 
        0.386420          1.00000         0.114885     2.22045e-016 
        0.338718          1.00000         0.180745     2.22045e-016 
        0.339770          1.00000         0.179508     2.22045e-016 
        0.398862          1.00000        0.0719980     2.22045e-016 
        0.290687          1.00000         0.233565     2.22045e-016 
        0.398035          1.00000        0.0843352     2.22045e-016 
        0.395009          1.00000        0.0957090     2.22045e-016 
        0.398941          1.00000        0.0743110     2.22045e-016 
        0.344578          1.00000         0.173790     2.22045e-016 
        0.240129          1.00000         0.284372     2.22045e-016 
        0.204345          1.00000         0.317939     2.22045e-016 
        0.110622          1.00000         0.388638     2.22045e-016 
       0.0833408          1.00000         0.398206     2.22045e-016 
       0.0752896          1.00000         0.398939     2.22045e-016 
        0.386421          1.00000         0.114888     2.22045e-016 
        0.338720          1.00000         0.180750     2.22045e-016 
        0.339771          1.00000         0.179513     2.22045e-016 
        0.398862          1.00000        0.0720007     2.22045e-016 
        0.290689          1.00000         0.233570     2.22045e-016 
        0.398035          1.00000        0.0843382     2.22045e-016 
        0.395009          1.00000        0.0957123     2.22045e-016 
        0.398941          1.00000        0.0743138     2.22045e-016 
        0.344579          1.00000         0.173794     2.22045e-016 
        0.240131          1.00000         0.284376     2.22045e-016 
        0.204347          1.00000         0.317944     2.22045e-016 
        0.110624          1.00000         0.388640     2.22045e-016 
       0.0833421          1.00000         0.398207     2.22045e-016 
       0.0752908          1.00000         0.398939     2.22045e-016 
        0.386421          1.00000         0.114888     2.22045e-016 
        0.338719          1.00000         0.180749     2.22045e-016 
        0.339771          1.00000         0.179512     2.22045e-016 
        0.398862          1.00000        0.0719993     2.22045e-016 
        0.290689          1.00000         0.233568     2.22045e-016 
        0.398035          1.00000        0.0843376     2.22045e-016 
        0.395009          1.00000        0.0957114     2.22045e-016 
        0.398941          1.00000        0.0743127     2.22045e-016 
        0.344579          1.00000         0.173793     2.22045e-016 
        0.240130          1.00000         0.284375     2.22045e-016 
        0.204347          1.00000         0.317942     2.22045e-016 
        0.110623          1.00000         0.388640     2.22045e-016 
       0.0833417          1.00000         0.398207     2.22045e-016 
       0.0752906          1.00000         0.398939     2.22045e-016 
        0.386420          1.00000         0.114888     2.22045e-016 
        0.338718          1.00000         0.180750     2.22045e-016 
        0.339770          1.00000         0.179513     2.22045e-016 
        0.398862          1.00000        0.0720008     2.22045e-016 
        0.290687          1.00000         0.233570     2.22045e-016 
        0.398035          1.00000        0.0843381     2.22045e-016 
        0.395009          1.00000        0.0957123     2.22045e-016 
        0.398941          1.00000        0.0743137     2.22045e-016 
        0.344578          1.00000         0.173794     2.22045e-016 
        0.240129          1.00000         0.284376     2.22045e-016 
        0.204345          1.00000         0.317944     2.22045e-016 
        0.110622          1.00000         0.388640     2.22045e-016 
       0.0833408          1.00000         0.398207     2.22045e-016 
       0.0752896          1.00000         0.398939     2.22045e-016 
        0.386420          1.00000         0.114890     2.22045e-016 
        0.338719          1.00000         0.180752     2.22045e-016 
        0.339770          1.00000         0.179515     2.22045e-016 
        0.398862          1.00000        0.0720022     2.22045e-016 
        0.290688          1.00000         0.233571     2.22045e-016 
        0.398035          1.00000        0.0843398     2.22045e-016 
        0.395009          1.00000        0.0957140     2.22045e-016 
        0.398941          1.00000        0.0743153     2.22045e-016 
        0.344578          1.00000         0.173796     2.22045e-016 
        0.240131          1.00000         0.284378     2.22045e-016 
        0.204347          1.00000         0.317945     2.22045e-016 
        0.110624          1.00000         0.388640     2.22045e-016 
       0.0833424          1.00000         0.398207     2.22045e-016 
       0.0752911          1.00000         0.398939     2.22045e-016 
        0.386420          1.00000         0.114881     2.22045e-016 
        0.338718          1.00000         0.180741     2.22045e-016 
        0.339770          1.00000         0.179504     2.22045e-016 
        0.398862          1.00000        0.0719953     2.22045e-016 
        0.290687          1.00000         0.233560     2.22045e-016 
        0.398035          1.00000        0.0843322     2.22045e-016 
        0.395009          1.00000        0.0957057     2.22045e-016 
        0.398941          1.00000        0.0743082     2.22045e-016 
        0.344578          1.00000         0.173785     2.22045e-016 
        0.240129          1.00000         0.284367     2.22045e-016 
        0.204345          1.00000         0.317935     2.22045e-016 
        0.110622          1.00000         0.388636     2.22045e-016 
       0.0833408          1.00000         0.398206     2.22045e-016 
       0.0752896          1.00000         0.398939     2.22045e-016 
        0.386421          1.00000         0.114885     2.22045e-016 
        0.338720          1.00000         0.180745     2.22045e-016 
        0.339771          1.00000         0.179508     2.22045e-016 
        0.398862          1.00000        0.0719980     2.22045e-016 
        0.290689          1.00000         0.233565     2.22045e-016 
        0.398035          1.00000        0.0843352     2.22045e-016 
        0.395009          1.00000        0.0957090     2.22045e-016 
        0.398941          1.00000        0.0743110     2.22045e-016 
        0.344579          1.00000         0.173790     2.22045e-016 
        0.240131          1.00000         0.284372     2.22045e-016 
        0.204347          1.00000         0.317939     2.22045e-016 
        0.110624          1.00000         0.388638     2.22045e-016 
       0.0833421          1.00000         0.398206     2.22045e-016 
       0.0752908          1.00000         0.398939     2.22045e-016 
        0.386421          1.00000         0.114884     2.22045e-016 
        0.338719          1.00000         0.180745     2.22045e-016 
        0.339771          1.00000         0.179507     2.22045e-016 
        0.398862          1.00000        0.0719966     2.22045e-016 
        0.290689          1.00000         0.233563     2.22045e-016 
        0.398035          1.00000        0.0843345     2.22045e-016 
        0.395009          1.00000        0.0957081     2.22045e-016 
        0.398941          1.00000        0.0743099     2.22045e-016 
        0.344579          1.00000         0.173788     2.22045e-016 
        0.240130          1.00000         0.284370     2.22045e-016 
        0.204347          1.00000         0.317938     2.22045e-016 
        0.110623          1.00000         0.388638     2.22045e-016 
       0.0833417          1.00000         0.398206     2.22045e-016 
       0.0752906          1.00000         0.398939     2.22045e-016 
        0.386420          1.00000         0.114885     2.22045e-016 
        0.338718          1.00000         0.180745     2.22045e-016 
        0.339770          1.00000         0.179509     2.22045e-016 
        0.398862          1.00000        0.0719980     2.22045e-016 
        0.290687          1.00000         0.233565     2.22045e-016 
        0.398035          1.00000        0.0843351     2.22045e-016 
        0.395009          1.00000        0.0957090     2.22045e-016 
        0.398941          1.00000        0.0743110     2.22045e-016 
        0.344578          1.00000         0.173790     2.22045e-016 
        0.240129          1.00000         0.284372     2.22045e-016 
        0.204345          1.00000         0.317940     2.22045e-016 
        0.110622          1.00000         0.388638     2.22045e-016 
       0.0833408          1.00000         0.398206     2.22045e-016 
       0.0752896          1.00000         0.398939     2.22045e-016 
        0.386420          1.00000         0.114886     2.22045e-016 
        0.338719          1.00000         0.180747     2.22045e-016 
        0.339770          1.00000         0.179510     2.22045e-016 
        0.398862          1.00000        0.0719995     2.22045e-016 
        0.290688          1.00000         0.233566     2.22045e-016 
        0.398035          1.00000        0.0843368     2.22045e-016 
        0.395009          1.00000        0.0957107     2.22045e-016 
        0.398941          1.00000        0.0743125     2.22045e-016 
        0.344578          1.00000         0.173791     2.22045e-016 
        0.240131          1.00000         0.284373     2.22045e-016 
        0.204347          1.00000         0.317940     2.22045e-016 
        0.110624          1.00000         0.388638     2.22045e-016 
       0.0833424          1.00000         0.398206     2.22045e-016 
       0.0752911          1.00000         0.398939     2.22045e-016 
        0.386422          1.00000         0.114888     2.22045e-016 
        0.338721          1.00000         0.180750     2.22045e-016 
        0.339773          1.00000         0.179513     2.22045e-016 
        0.398862          1.00000        0.0720007     2.22045e-016 
        0.290691          1.00000         0.233570     2.22045e-016 
        0.398035          1.00000        0.0843382     2.22045e-016 
        0.395010          1.00000        0.0957123     2.22045e-016 
        0.398941          1.00000        0.0743138     2.22045e-016 
        0.344581          1.00000         0.173794     2.22045e-016 
        0.240133          1.00000         0.284376     2.22045e-016 
        0.204349          1.00000         0.317944     2.22045e-016 
        0.110625          1.00000         0.388640     2.22045e-016 
       0.0833433          1.00000         0.398207     2.22045e-016 
       0.0752919          1.00000         0.398939     2.22045e-016 
        0.386422          1.00000         0.114888     2.22045e-016 
        0.338720          1.00000         0.180749     2.22045e-016 
        0.339772          1.00000         0.179512     2.22045e-016 
        0.398862          1.00000        0.0719993     2.22045e-016 
        0.290691          1.00000         0.233568     2.22045e-016 
        0.398035          1.00000        0.0843376     2.22045e-016 
        0.395009          1.00000        0.0957114     2.22045e-016 
        0.398941          1.00000        0.0743127     2.22045e-016 
        0.344580          1.00000         0.173793     2.22045e-016 
        0.240132          1.00000         0.284375     2.22045e-016 
        0.204349          1.00000         0.317942     2.22045e-016 
        0.110625          1.00000         0.388640     2.22045e-016 
       0.0833430          1.00000         0.398207     2.22045e-016 
       0.0752917          1.00000         0.398939     2.22045e-016 
        0.386421          1.00000         0.114888     2.22045e-016 
        0.338720          1.00000         0.180750     2.22045e-016 
        0.339771          1.00000         0.179513     2.22045e-016 
        0.398862          1.00000        0.0720008     2.22045e-016 
        0.290689          1.00000         0.233570     2.22045e-016 
        0.398035          1.00000        0.0843381     2.22045e-016 
        0.395009          1.00000        0.0957123     2.22045e-016 
        0.398941          1.00000        0.0743137     2.22045e-016 
        0.344579          1.00000         0.173794     2.22045e-016 
        0.240131          1.00000         0.284376     2.22045e-016 
        0.204347          1.00000         0.317944     2.22045e-016 
        0.110624          1.00000         0.388640     2.22045e-016 
       0.0833421          1.00000         0.398207     2.22045e-016 
       0.0752908          1.00000         0.398939     2.22045e-016 
        0.386421          1.00000         0.114890     2.22045e-016 
        0.338720          1.00000         0.180752     2.22045e-016 
        0.339772          1.00000         0.179515     2.22045e-016 
        0.398862          1.00000        0.0720022     2.22045e-016 
        0.290690          1.00000         0.233571     2.22045e-016 
        0.398035          1.00000        0.0843398     2.22045e-016 
        0.395009          1.00000        0.0957140     2.22045e-016 
        0.398941          1.00000        0.0743153     2.22045e-016 
        0.344580          1.00000         0.173796     2.22045e-016 
        0.240133          1.00000         0.284378     2.22045e-016 
        0.204349          1.00000         0.317945     2.22045e-016 
        0.110625          1.00000         0.388640     2.22045e-016 
       0.0833437          1.00000         0.398207     2.22045e-016 
       0.0752923          1.00000         0.398939     2.22045e-016 
        0.386421          1.00000         0.114887     2.22045e-016 
        0.338719          1.00000         0.180748     2.22045e-016 
        0.339772          1.00000         0.179511     2.22045e-016 
        0.398862          1.00000        0.0719980     2.22045e-016 
        0.290691          1.00000         0.233566     2.22045e-016 
        0.398035          1.00000        0.0843369     2.22045e-016 
        0.395009          1.00000        0.0957105     2.22045e-016 
        0.398941          1.00000        0.0743116     2.22045e-016 
        0.344580          1.00000         0.173791     2.22045e-016 
        0.240132          1.00000         0.284374     2.22045e-016 
        0.204349          1.00000         0.317941     2.22045e-016 
        0.110624          1.00000         0.388639     2.22045e-016 
       0.0833426          1.00000         0.398206     2.22045e-016 
       0.0752915          1.00000         0.398939     2.22045e-016 
        0.386421          1.00000         0.114888     2.22045e-016 
        0.338719          1.00000         0.180749     2.22045e-016 
        0.339771          1.00000         0.179512     2.22045e-016 
        0.398862          1.00000        0.0719994     2.22045e-016 
        0.290689          1.00000         0.233568     2.22045e-016 
        0.398035          1.00000        0.0843375     2.22045e-016 
        0.395009          1.00000        0.0957114     2.22045e-016 
        0.398941          1.00000        0.0743126     2.22045e-016 
        0.344579          1.00000         0.173793     2.22045e-016 
        0.240130          1.00000         0.284375     2.22045e-016 
        0.204347          1.00000         0.317942     2.22045e-016 
        0.110623          1.00000         0.388640     2.22045e-016 
       0.0833417          1.00000         0.398207     2.22045e-016 
       0.0752906          1.00000         0.398939     2.22045e-016 
        0.386421          1.00000         0.114889     2.22045e-016 
        0.338719          1.00000         0.180751     2.22045e-016 
        0.339771          1.00000         0.179514     2.22045e-016 
        0.398862          1.00000        0.0720008     2.22045e-016 
        0.290690          1.00000         0.233569     2.22045e-016 
        0.398035          1.00000        0.0843392     2.22045e-016 
        0.395009          1.00000        0.0957131     2.22045e-016 
        0.398941          1.00000        0.0743142     2.22045e-016 
        0.344579          1.00000         0.173794     2.22045e-016 
        0.240132          1.00000         0.284376     2.22045e-016 
        0.204349          1.00000         0.317943     2.22045e-016 
        0.110625          1.00000         0.388640     2.22045e-016 
       0.0833433          1.00000         0.398207     2.22045e-016 
       0.0752921          1.00000         0.398939     2.22045e-016 
        0.386420          1.00000         0.114889     2.22045e-016 
        0.338718          1.00000         0.180750     2.22045e-016 
        0.339770          1.00000         0.179513     2.22045e-016 
        0.398862          1.00000        0.0720008     2.22045e-016 
        0.290687          1.00000         0.233570     2.22045e-016 
        0.398035          1.00000        0.0843381     2.22045e-016 
        0.395009          1.00000        0.0957122     2.22045e-016 
        0.398941          1.00000        0.0743137     2.22045e-016 
        0.344578          1.00000         0.173794     2.22045e-016 
        0.240129          1.00000         0.284376     2.22045e-016 
        0.204345          1.00000         0.317944     2.22045e-016 
        0.110622          1.00000         0.388640     2.22045e-016 
       0.0833408          1.00000         0.398207     2.22045e-016 
       0.0752897          1.00000         0.398939     2.22045e-016 
        0.386420          1.00000         0.114890     2.22045e-016 
        0.338719          1.00000         0.180752     2.22045e-016 
        0.339770          1.00000         0.179515     2.22045e-016 
        0.398862          1.00000        0.0720023     2.22045e-016 
        0.290688          1.00000         0.233571     2.22045e-016 
        0.398035          1.00000        0.0843397     2.22045e-016 
        0.395009          1.00000        0.0957139     2.22045e-016 
        0.398941          1.00000        0.0743152     2.22045e-016 
        0.344578          1.00000         0.173796     2.22045e-016 
        0.240131          1.00000         0.284378     2.22045e-016 
        0.204347          1.00000         0.317945     2.22045e-016 
        0.110624          1.00000         0.388640     2.22045e-016 
       0.0833424          1.00000         0.398207     2.22045e-016 
       0.0752912          1.00000         0.398939     2.22045e-016 
        0.386421          1.00000         0.114892     2.22045e-016 
        0.338719          1.00000         0.180753     2.22045e-016 
        0.339771          1.00000         0.179517     2.22045e-016 
        0.398862          1.00000        0.0720037     2.22045e-016 
        0.290689          1.00000         0.233573     2.22045e-016 
        0.398035          1.00000        0.0843414     2.22045e-016 
        0.395009          1.00000        0.0957156     2.22045e-016 
        0.398941          1.00000        0.0743168     2.22045e-016 
        0.344579          1.00000         0.173798     2.22045e-016 
        0.240132          1.00000         0.284379     2.22045e-016 
        0.204349          1.00000         0.317946     2.22045e-016 
        0.110626          1.00000         0.388640     2.22045e-016 
       0.0833440          1.00000         0.398207     2.22045e-016 
       0.0752927          1.00000         0.398939     2.22045e-016 

Standard errors
        0.412685         0.461956         0.170805         0.297513         0.119935 

T statistics
         7.66182          2.84344          2.23083        -0.377936          7.85021 

Log Likelihood function        -67.0685 

AIC         144.137 

SIC         153.697 

RMSE        0.631165 
MAE         0.502182 


2) ESTIMATES OF LINEAR MODEL
Valid cases:                    50      Dependent variable:                   Y
Missing cases:                   0      Deletion method:                   None
Total SS:                   38.026      Degrees of freedom:                  47
R-squared:                   0.050      Rbar-squared:                     0.010
Residual SS:                36.124      Std error of est:                 0.877
F(2,47):                     1.237      Probability of F:                 0.299

                         Standard                 Prob   Standardized  Cor with
Variable     Estimate      Error      t-value     >|t|     Estimate    Dep Var
-------------------------------------------------------------------------------
CONSTANT     2.618457    0.353517    7.406877     0.000       ---         ---  
X1           0.230741    0.147727    1.561942     0.125    0.222102    0.222530
X2          -0.041219    0.262005   -0.157321     0.876   -0.022370   -0.026618

RMSE        0.849990 
MAE         0.714620 
R2          0.050020 


3) ESTIMATES OF LINEAR MODEL WITH AD HOC SMOOTHING
Valid cases:                    50      Dependent variable:                   Y
Missing cases:                   0      Deletion method:                   None
Total SS:                   38.026      Degrees of freedom:                  46
R-squared:                   0.939      Rbar-squared:                     0.935
Residual SS:                 2.323      Std error of est:                 0.225
F(3,46):                   235.626      Probability of F:                 0.000

                         Standard                 Prob   Standardized  Cor with
Variable     Estimate      Error      t-value     >|t|     Estimate    Dep Var
-------------------------------------------------------------------------------
CONSTANT     0.178295    0.130805    1.363055     0.180       ---         ---  
X1           0.895179    0.034604   25.869291     0.000    0.958282    0.967560
X2           0.055072    0.038473    1.431434     0.159    0.053010    0.222530
X3           0.006252    0.067189    0.093055     0.926    0.003393   -0.026618

RMSE        0.215562 
MAE         0.172867 
R2          0.938901 
