SIMPLE1.OUT
SIMPLE MAJORITY MODEL WITH HETEROGENEOUS INTERCEPTS

CANADA

1) ESTIMATES OF LINEAR MODEL
Coefficients: 
         2.61846         0.230741       -0.0412189         0.849990 

Standard errors
        0.342771         0.143235         0.254035        0.0850003 

T statistics
         7.63909          1.61092        -0.162257          9.99986 

Log Likelihood function        -62.8204 

AIC         133.641 

SIC         141.289 

RMSE        0.849990 
MAE         0.714620 
R2         0.0500198 

Row 1
         5.50000 
Row 2
         5.00000 
Row 3
         4.75000 
Row 4
         4.50000 
Row 5
         4.25000 
Row 6
         4.00000 
Row 7
         3.50000 
Row 8
         2.75000 
Row 9
         2.25000 
Row 10
         2.00000 
Row 11
         2.00000 
Row 12
         2.25000 
Row 13
         2.50000 
Row 14
         2.75000 
Row 15
         2.75000 
Row 16
         2.75000 
Row 17
         2.75000 
Row 18
         2.75000 
Row 19
         3.00000 
Row 20
         3.25000 
Row 21
         3.25000 
Row 22
         3.00000 
Row 23
         2.75000 
Row 24
         2.75000 
Row 25
         2.75000 
Row 26
         2.75000 
Row 27
         2.50000 
Row 28
         2.25000 
Row 29
         2.00000 
Row 30
         2.00000 
Row 31
         2.25000 
Row 32
         2.50000 
Row 33
         2.50000 
Row 34
         2.50000 
Row 35
         2.50000 
Row 36
         2.50000 
Row 37
         2.50000 
Row 38
         2.50000 
Row 39
         2.75000 
Row 40
         3.00000 
Row 41
         3.25000 
Row 42
         3.50000 
Row 43
         3.75000 
Row 44
         4.00000 
Row 45
         4.25000 
Row 46
         4.25000 
Row 47
         4.25000 
Row 48
         4.25000 
Row 49
         4.25000 
Row 50
         4.25000 

Row 1
       -0.500000 
Row 2
       -0.250000 
Row 3
       -0.250000 
Row 4
       -0.250000 
Row 5
       -0.250000 
Row 6
       -0.500000 
Row 7
       -0.750000 
Row 8
       -0.500000 
Row 9
       -0.250000 
Row 10
        0.000000 
Row 11
        0.250000 
Row 12
        0.250000 
Row 13
        0.250000 
Row 14
        0.000000 
Row 15
        0.000000 
Row 16
        0.000000 
Row 17
        0.000000 
Row 18
        0.250000 
Row 19
        0.250000 
Row 20
        0.000000 
Row 21
       -0.250000 
Row 22
       -0.250000 
Row 23
        0.000000 
Row 24
        0.000000 
Row 25
        0.000000 
Row 26
       -0.250000 
Row 27
       -0.250000 
Row 28
       -0.250000 
Row 29
        0.000000 
Row 30
        0.250000 
Row 31
        0.250000 
Row 32
        0.000000 
Row 33
        0.000000 
Row 34
        0.000000 
Row 35
        0.000000 
Row 36
        0.000000 
Row 37
        0.000000 
Row 38
        0.250000 
Row 39
        0.250000 
Row 40
        0.250000 
Row 41
        0.250000 
Row 42
        0.250000 
Row 43
        0.250000 
Row 44
        0.250000 
Row 45
        0.000000 
Row 46
        0.000000 
Row 47
        0.000000 
Row 48
        0.000000 
Row 49
        0.000000 
        0.240685 
