CON1.OUT
CONSENSUS MODEL WITH HETEROGENEOUS INTERCEPTS

EU

1) ESTIMATES OF NONLINEAR MODEL
Coefficients: 
         4.92554         0.324786         0.220404         -1.87672          1.36292 

Standard errors
        0.884928         0.807507         0.376375         0.440075         0.208615 

T statistics
         5.56603         0.402208         0.585597         -4.26455          6.53316 

Log Likelihood function        -75.3637 

AIC         160.727 

SIC         175.141 

RMSE        0.224807 
MAE         0.137870 


2) ESTIMATES OF LINEAR MODEL
Valid cases:                   132      Dependent variable:                   Y
Missing cases:                   0      Deletion method:                   None
Total SS:                  118.822      Degrees of freedom:                 129
R-squared:                   0.272      Rbar-squared:                     0.261
Residual SS:                86.463      Std error of est:                 0.819
F(2,129):                   24.139      Probability of F:                 0.000

                         Standard                 Prob   Standardized  Cor with
Variable     Estimate      Error      t-value     >|t|     Estimate    Dep Var
-------------------------------------------------------------------------------
CONSTANT     2.123224    0.308752    6.876805     0.000       ---         ---  
X1           0.436773    0.152898    2.856631     0.005    0.218965    0.305275
X2          -1.108620    0.196727   -5.635314     0.000   -0.431955   -0.475707

RMSE        0.809335 
MAE         0.678350 
R2          0.272329 


3) ESTIMATES OF LINEAR MODEL WITH AD HOC SMOOTHING
Valid cases:                   132      Dependent variable:                   Y
Missing cases:                   0      Deletion method:                   None
Total SS:                  118.822      Degrees of freedom:                 128
R-squared:                   0.979      Rbar-squared:                     0.978
Residual SS:                 2.547      Std error of est:                 0.141
F(3,128):                 1948.109      Probability of F:                 0.000

                         Standard                 Prob   Standardized  Cor with
Variable     Estimate      Error      t-value     >|t|     Estimate    Dep Var
-------------------------------------------------------------------------------
CONSTANT     0.091345    0.061713    1.480171     0.141       ---         ---  
X1           0.970022    0.014936   64.945294     0.000    0.969561    0.988452
X2          -0.004203    0.027204   -0.154506     0.877   -0.002107    0.305275
X3          -0.112472    0.037203   -3.023215     0.003   -0.043823   -0.475707

RMSE        0.138897 
MAE         0.066072 
R2          0.978568 
