FRIC1.OUT
SIMPLE MAJORITY WITH SIZE FRICTION

ECB

1) ESTIMATES OF NONLINEAR MODEL
Coefficients: 
         2.15513         0.422331         -1.17254         0.800667 

Standard errors
        0.306393         0.151696         0.194673        0.0506103 

T statistics
         7.03386          2.78406         -6.02312          15.8202 

Log Likelihood function        -235.970 

AIC         479.940 

SIC         491.471 

RMSE        0.795648 
MAE         0.654675 


2) ESTIMATES OF LINEAR MODEL
Valid cases:                   132      Dependent variable:                   Y
Missing cases:                   0      Deletion method:                   None
Total SS:                  118.822      Degrees of freedom:                 129
R-squared:                   0.272      Rbar-squared:                     0.261
Residual SS:                86.463      Std error of est:                 0.819
F(2,129):                   24.139      Probability of F:                 0.000

                         Standard                 Prob   Standardized  Cor with
Variable     Estimate      Error      t-value     >|t|     Estimate    Dep Var
-------------------------------------------------------------------------------
CONSTANT     2.123224    0.308752    6.876805     0.000       ---         ---  
X1           0.436773    0.152898    2.856631     0.005    0.218965    0.305275
X2          -1.108620    0.196727   -5.635314     0.000   -0.431955   -0.475707

RMSE        0.809335 
MAE         0.678350 
R2          0.272329 


3) ESTIMATES OF LINEAR MODEL WITH AD HOC SMOOTHING
Valid cases:                   132      Dependent variable:                   Y
Missing cases:                   0      Deletion method:                   None
Total SS:                  118.822      Degrees of freedom:                 128
R-squared:                   0.979      Rbar-squared:                     0.978
Residual SS:                 2.547      Std error of est:                 0.141
F(3,128):                 1948.109      Probability of F:                 0.000

                         Standard                 Prob   Standardized  Cor with
Variable     Estimate      Error      t-value     >|t|     Estimate    Dep Var
-------------------------------------------------------------------------------
CONSTANT     0.091345    0.061713    1.480171     0.141       ---         ---  
X1           0.970022    0.014936   64.945294     0.000    0.969561    0.988452
X2          -0.004203    0.027204   -0.154506     0.877   -0.002107    0.305275
X3          -0.112472    0.037203   -3.023215     0.003   -0.043823   -0.475707

RMSE        0.138897 
MAE         0.066072 
R2          0.978568 
